<?xml version="1.0" encoding="UTF-8"?>
<!-- Generated by org.testng.reporters.JUnitXMLReporter -->
<testsuite ignored="3" hostname="LAPTOP-1UGNET6Q" failures="0" tests="2" name="Default test(failed)" time="0.043" errors="0" timestamp="2023-11-01T20:58:51 EDT">
  <testcase classname="com.testngpractice.PracticeTestngMethod" name="login" time="0.006"/>
  <testcase classname="com.testngpractice.PracticeTestngMethod" name="dress" time="0.001"/>
  <testcase classname="com.testngpractice.PracticeTestngMethod" name="payment" time="0.0">
    <ignored/>
  </testcase> <!-- payment -->
  <testcase classname="com.testngpractice.PracticeTestngMethod" name="placeorder" time="0.0">
    <ignored/>
  </testcase> <!-- placeorder -->
  <testcase classname="com.testngpractice.PracticeTestngMethod" name="cart" time="0.0">
    <ignored/>
  </testcase> <!-- cart -->
</testsuite> <!-- Default test(failed) -->
