<?xml version="1.0" encoding="UTF-8"?>
<!-- Generated by org.testng.reporters.JUnitXMLReporter -->
<testsuite ignored="3" hostname="LAPTOP-1UGNET6Q" failures="0" tests="2" name="practricetestng" time="0.052" errors="0" timestamp="2023-10-30T23:58:01 EDT">
  <testcase classname="com.testng.practice.PracticeTestngMethod" name="login" time="0.007"/>
  <testcase classname="com.testng.practice.PracticeTestngMethod" name="cart" time="0.003"/>
  <testcase classname="com.testng.practice.PracticeTestngMethod" name="placeorder" time="0.0">
    <ignored/>
  </testcase> <!-- placeorder -->
  <testcase classname="com.testng.practice.PracticeTestngMethod" name="dress" time="0.0">
    <ignored/>
  </testcase> <!-- dress -->
  <testcase classname="com.testng.practice.PracticeTestngMethod" name="payment" time="0.0">
    <ignored/>
  </testcase> <!-- payment -->
</testsuite> <!-- practricetestng -->
