<?xml version="1.0" encoding="UTF-8"?>
<testng-results ignored="0" total="1" passed="1" failed="0" skipped="0">
  <reporter-output>
  </reporter-output>
  <suite started-at="2023-11-04T10:42:14 EDT" name="Default suite" finished-at="2023-11-04T10:42:21 EDT" duration-ms="6960">
    <groups>
    </groups>
    <test started-at="2023-11-04T10:42:14 EDT" name="Default test" finished-at="2023-11-04T10:42:21 EDT" duration-ms="6960">
      <class name="com.testngpractice.FirstClass">
        <test-method is-config="true" signature="setupReport()[pri:0, instance:com.testngpractice.FirstClass@1fb700ee]" started-at="2023-11-04T10:42:14 EDT" name="setupReport" finished-at="2023-11-04T10:42:15 EDT" duration-ms="204" status="PASS">
          <reporter-output>
          </reporter-output>
        </test-method> <!-- setupReport -->
        <test-method signature="getMouseOverHober()[pri:0, instance:com.testngpractice.FirstClass@1fb700ee]" started-at="2023-11-04T10:42:15 EDT" name="getMouseOverHober" finished-at="2023-11-04T10:42:21 EDT" duration-ms="6402" status="PASS">
          <reporter-output>
          </reporter-output>
        </test-method> <!-- getMouseOverHober -->
        <test-method is-config="true" signature="printTestReport()[pri:0, instance:com.testngpractice.FirstClass@1fb700ee]" started-at="2023-11-04T10:42:21 EDT" name="printTestReport" finished-at="2023-11-04T10:42:21 EDT" duration-ms="310" status="PASS">
          <reporter-output>
          </reporter-output>
        </test-method> <!-- printTestReport -->
      </class> <!-- com.testngpractice.FirstClass -->
    </test> <!-- Default test -->
  </suite> <!-- Default suite -->
</testng-results>
